{"/Users/miftahramadhan/Projects/webstockname/lib/db.ts": {"path":"/Users/miftahramadhan/Projects/webstockname/lib/db.ts","statementMap":{"0":{"start":{"line":9,"column":2},"end":{"line":10,"column":52}},"1":{"start":{"line":12,"column":0},"end":{"line":13,"column":null}},"2":{"start":{"line":13,"column":2},"end":{"line":13,"column":null}}},"fnMap":{},"branchMap":{"0":{"loc":{"start":{"line":9,"column":2},"end":{"line":10,"column":52}},"type":"binary-expr","locations":[{"start":{"line":9,"column":2},"end":{"line":9,"column":null}},{"start":{"line":10,"column":3},"end":{"line":10,"column":52}}],"line":9},"1":{"loc":{"start":{"line":12,"column":0},"end":{"line":13,"column":null}},"type":"if","locations":[{"start":{"line":12,"column":0},"end":{"line":13,"column":null}},{"start":{},"end":{}}],"line":12}},"s":{"0":0,"1":0,"2":0},"f":{},"b":{"0":[0,0],"1":[0,0]},"meta":{"lastBranch":2,"lastFunction":0,"lastStatement":3,"seen":{"s:9:2:10:52":0,"b:9:2:9:Infinity:10:3:10:52":0,"b:12:0:13:Infinity:undefined:undefined:undefined:undefined":1,"s:12:0:13:Infinity":1,"s:13:2:13:Infinity":2}}}
,"/Users/miftahramadhan/Projects/webstockname/lib/utils.ts": {"path":"/Users/miftahramadhan/Projects/webstockname/lib/utils.ts","statementMap":{"0":{"start":{"line":4,"column":2},"end":{"line":4,"column":null}}},"fnMap":{"0":{"name":"cn","decl":{"start":{"line":3,"column":16},"end":{"line":3,"column":19}},"loc":{"start":{"line":3,"column":44},"end":{"line":4,"column":null}},"line":3}},"branchMap":{},"s":{"0":0},"f":{"0":0},"b":{},"meta":{"lastBranch":0,"lastFunction":1,"lastStatement":1,"seen":{"f:3:16:3:19":0,"s:4:2:4:Infinity":0}}}
,"/Users/miftahramadhan/Projects/webstockname/lib/audit/logger.ts": {"path":"/Users/miftahramadhan/Projects/webstockname/lib/audit/logger.ts","statementMap":{"0":{"start":{"line":12,"column":8},"end":{"line":12,"column":null}},"1":{"start":{"line":14,"column":2},"end":{"line":21,"column":null}}},"fnMap":{"0":{"name":"logAction","decl":{"start":{"line":6,"column":22},"end":{"line":6,"column":null}},"loc":{"start":{"line":11,"column":2},"end":{"line":21,"column":null}},"line":11}},"branchMap":{"0":{"loc":{"start":{"line":19,"column":16},"end":{"line":19,"column":null}},"type":"binary-expr","locations":[{"start":{"line":19,"column":16},"end":{"line":19,"column":28}},{"start":{"line":19,"column":28},"end":{"line":19,"column":null}}],"line":19}},"s":{"0":0,"1":0},"f":{"0":0},"b":{"0":[0,0]},"meta":{"lastBranch":1,"lastFunction":1,"lastStatement":2,"seen":{"f:6:22:6:Infinity":0,"s:12:8:12:Infinity":0,"s:14:2:21:Infinity":1,"b:19:16:19:28:19:28:19:Infinity":0}}}
,"/Users/miftahramadhan/Projects/webstockname/lib/auth/client.ts": {"path":"/Users/miftahramadhan/Projects/webstockname/lib/auth/client.ts","statementMap":{"0":{"start":{"line":1,"column":0},"end":{"line":1,"column":null}},"1":{"start":{"line":4,"column":19},"end":{"line":9,"column":4}},"2":{"start":{"line":11,"column":2},"end":{"line":13,"column":null}},"3":{"start":{"line":12,"column":17},"end":{"line":12,"column":38}},"4":{"start":{"line":13,"column":4},"end":{"line":13,"column":null}},"5":{"start":{"line":16,"column":32},"end":{"line":16,"column":53}},"6":{"start":{"line":17,"column":2},"end":{"line":17,"column":null}},"7":{"start":{"line":18,"column":2},"end":{"line":18,"column":null}},"8":{"start":{"line":22,"column":2},"end":{"line":22,"column":null}},"9":{"start":{"line":22,"column":37},"end":{"line":22,"column":null}},"10":{"start":{"line":23,"column":2},"end":{"line":23,"column":null}},"11":{"start":{"line":27,"column":16},"end":{"line":27,"column":32}},"12":{"start":{"line":29,"column":2},"end":{"line":35,"column":null}},"13":{"start":{"line":37,"column":2},"end":{"line":37,"column":null}},"14":{"start":{"line":41,"column":19},"end":{"line":44,"column":4}},"15":{"start":{"line":46,"column":2},"end":{"line":47,"column":null}},"16":{"start":{"line":47,"column":4},"end":{"line":47,"column":null}},"17":{"start":{"line":50,"column":26},"end":{"line":50,"column":47}},"18":{"start":{"line":51,"column":2},"end":{"line":51,"column":null}},"19":{"start":{"line":52,"column":2},"end":{"line":52,"column":null}}},"fnMap":{"0":{"name":"login","decl":{"start":{"line":3,"column":22},"end":{"line":3,"column":28}},"loc":{"start":{"line":3,"column":64},"end":{"line":18,"column":null}},"line":3},"1":{"name":"getAccessToken","decl":{"start":{"line":21,"column":16},"end":{"line":21,"column":48}},"loc":{"start":{"line":21,"column":48},"end":{"line":23,"column":null}},"line":21},"2":{"name":"logout","decl":{"start":{"line":26,"column":22},"end":{"line":26,"column":31}},"loc":{"start":{"line":26,"column":31},"end":{"line":37,"column":null}},"line":26},"3":{"name":"(anonymous_3)","decl":{"start":{"line":33,"column":5},"end":{"line":33,"column":17}},"loc":{"start":{"line":33,"column":17},"end":{"line":35,"column":null}},"line":33},"4":{"name":"refreshToken","decl":{"start":{"line":40,"column":22},"end":{"line":40,"column":37}},"loc":{"start":{"line":40,"column":37},"end":{"line":52,"column":null}},"line":40}},"branchMap":{"0":{"loc":{"start":{"line":11,"column":2},"end":{"line":13,"column":null}},"type":"if","locations":[{"start":{"line":11,"column":2},"end":{"line":13,"column":null}},{"start":{},"end":{}}],"line":11},"1":{"loc":{"start":{"line":13,"column":20},"end":{"line":13,"column":49}},"type":"binary-expr","locations":[{"start":{"line":13,"column":20},"end":{"line":13,"column":34}},{"start":{"line":13,"column":34},"end":{"line":13,"column":49}}],"line":13},"2":{"loc":{"start":{"line":22,"column":2},"end":{"line":22,"column":null}},"type":"if","locations":[{"start":{"line":22,"column":2},"end":{"line":22,"column":null}},{"start":{},"end":{}}],"line":22},"3":{"loc":{"start":{"line":31,"column":13},"end":{"line":31,"column":64}},"type":"cond-expr","locations":[{"start":{"line":31,"column":21},"end":{"line":31,"column":59}},{"start":{"line":31,"column":62},"end":{"line":31,"column":64}}],"line":31},"4":{"loc":{"start":{"line":46,"column":2},"end":{"line":47,"column":null}},"type":"if","locations":[{"start":{"line":46,"column":2},"end":{"line":47,"column":null}},{"start":{},"end":{}}],"line":46}},"s":{"0":0,"1":0,"2":0,"3":0,"4":0,"5":0,"6":0,"7":0,"8":0,"9":0,"10":0,"11":0,"12":0,"13":0,"14":0,"15":0,"16":0,"17":0,"18":0,"19":0},"f":{"0":0,"1":0,"2":0,"3":0,"4":0},"b":{"0":[0,0],"1":[0,0],"2":[0,0],"3":[0,0],"4":[0,0]},"meta":{"lastBranch":5,"lastFunction":5,"lastStatement":20,"seen":{"s:1:0:1:Infinity":0,"f:3:22:3:28":0,"s:4:19:9:4":1,"b:11:2:13:Infinity:undefined:undefined:undefined:undefined":0,"s:11:2:13:Infinity":2,"s:12:17:12:38":3,"s:13:4:13:Infinity":4,"b:13:20:13:34:13:34:13:49":1,"s:16:32:16:53":5,"s:17:2:17:Infinity":6,"s:18:2:18:Infinity":7,"f:21:16:21:48":1,"b:22:2:22:Infinity:undefined:undefined:undefined:undefined":2,"s:22:2:22:Infinity":8,"s:22:37:22:Infinity":9,"s:23:2:23:Infinity":10,"f:26:22:26:31":2,"s:27:16:27:32":11,"s:29:2:35:Infinity":12,"b:31:21:31:59:31:62:31:64":3,"f:33:5:33:17":3,"s:37:2:37:Infinity":13,"f:40:22:40:37":4,"s:41:19:44:4":14,"b:46:2:47:Infinity:undefined:undefined:undefined:undefined":4,"s:46:2:47:Infinity":15,"s:47:4:47:Infinity":16,"s:50:26:50:47":17,"s:51:2:51:Infinity":18,"s:52:2:52:Infinity":19}}}
,"/Users/miftahramadhan/Projects/webstockname/lib/auth/decode.ts": {"path":"/Users/miftahramadhan/Projects/webstockname/lib/auth/decode.ts","statementMap":{"0":{"start":{"line":12,"column":2},"end":{"line":26,"column":null}},"1":{"start":{"line":14,"column":18},"end":{"line":14,"column":34}},"2":{"start":{"line":15,"column":4},"end":{"line":16,"column":null}},"3":{"start":{"line":16,"column":6},"end":{"line":16,"column":null}},"4":{"start":{"line":20,"column":20},"end":{"line":20,"column":null}},"5":{"start":{"line":21,"column":20},"end":{"line":21,"column":45}},"6":{"start":{"line":23,"column":4},"end":{"line":23,"column":null}},"7":{"start":{"line":25,"column":4},"end":{"line":25,"column":null}},"8":{"start":{"line":26,"column":4},"end":{"line":26,"column":null}}},"fnMap":{"0":{"name":"decodeAccessToken","decl":{"start":{"line":11,"column":16},"end":{"line":11,"column":34}},"loc":{"start":{"line":11,"column":70},"end":{"line":26,"column":null}},"line":11}},"branchMap":{"0":{"loc":{"start":{"line":15,"column":4},"end":{"line":16,"column":null}},"type":"if","locations":[{"start":{"line":15,"column":4},"end":{"line":16,"column":null}},{"start":{},"end":{}}],"line":15}},"s":{"0":0,"1":0,"2":0,"3":0,"4":0,"5":0,"6":0,"7":0,"8":0},"f":{"0":0},"b":{"0":[0,0]},"meta":{"lastBranch":1,"lastFunction":1,"lastStatement":9,"seen":{"f:11:16:11:34":0,"s:12:2:26:Infinity":0,"s:14:18:14:34":1,"b:15:4:16:Infinity:undefined:undefined:undefined:undefined":0,"s:15:4:16:Infinity":2,"s:16:6:16:Infinity":3,"s:20:20:20:Infinity":4,"s:21:20:21:45":5,"s:23:4:23:Infinity":6,"s:25:4:25:Infinity":7,"s:26:4:26:Infinity":8}}}
,"/Users/miftahramadhan/Projects/webstockname/lib/auth/jwt.ts": {"path":"/Users/miftahramadhan/Projects/webstockname/lib/auth/jwt.ts","statementMap":{"0":{"start":{"line":3,"column":19},"end":{"line":3,"column":null}},"1":{"start":{"line":11,"column":2},"end":{"line":11,"column":null}},"2":{"start":{"line":15,"column":2},"end":{"line":15,"column":null}},"3":{"start":{"line":19,"column":2},"end":{"line":19,"column":null}},"4":{"start":{"line":23,"column":2},"end":{"line":23,"column":null}}},"fnMap":{"0":{"name":"generateAccessToken","decl":{"start":{"line":10,"column":16},"end":{"line":10,"column":36}},"loc":{"start":{"line":10,"column":74},"end":{"line":11,"column":null}},"line":10},"1":{"name":"generateRefreshToken","decl":{"start":{"line":14,"column":16},"end":{"line":14,"column":37}},"loc":{"start":{"line":14,"column":61},"end":{"line":15,"column":null}},"line":14},"2":{"name":"verifyAccessToken","decl":{"start":{"line":18,"column":16},"end":{"line":18,"column":34}},"loc":{"start":{"line":18,"column":63},"end":{"line":19,"column":null}},"line":18},"3":{"name":"verifyRefreshToken","decl":{"start":{"line":22,"column":16},"end":{"line":22,"column":35}},"loc":{"start":{"line":22,"column":70},"end":{"line":23,"column":null}},"line":22}},"branchMap":{"0":{"loc":{"start":{"line":3,"column":19},"end":{"line":3,"column":null}},"type":"binary-expr","locations":[{"start":{"line":3,"column":19},"end":{"line":3,"column":45}},{"start":{"line":3,"column":45},"end":{"line":3,"column":null}}],"line":3}},"s":{"0":2,"1":9,"2":5,"3":10,"4":4},"f":{"0":9,"1":5,"2":10,"3":4},"b":{"0":[2,0]},"meta":{"lastBranch":1,"lastFunction":4,"lastStatement":5,"seen":{"s:3:19:3:Infinity":0,"b:3:19:3:45:3:45:3:Infinity":0,"f:10:16:10:36":0,"s:11:2:11:Infinity":1,"f:14:16:14:37":1,"s:15:2:15:Infinity":2,"f:18:16:18:34":2,"s:19:2:19:Infinity":3,"f:22:16:22:35":3,"s:23:2:23:Infinity":4}}}
,"/Users/miftahramadhan/Projects/webstockname/lib/auth/password.ts": {"path":"/Users/miftahramadhan/Projects/webstockname/lib/auth/password.ts","statementMap":{"0":{"start":{"line":4,"column":2},"end":{"line":4,"column":null}},"1":{"start":{"line":11,"column":2},"end":{"line":11,"column":null}}},"fnMap":{"0":{"name":"hashPassword","decl":{"start":{"line":3,"column":22},"end":{"line":3,"column":35}},"loc":{"start":{"line":3,"column":71},"end":{"line":4,"column":null}},"line":3},"1":{"name":"comparePassword","decl":{"start":{"line":7,"column":22},"end":{"line":7,"column":null}},"loc":{"start":{"line":10,"column":20},"end":{"line":11,"column":null}},"line":10}},"branchMap":{},"s":{"0":13,"1":9},"f":{"0":13,"1":9},"b":{},"meta":{"lastBranch":0,"lastFunction":2,"lastStatement":2,"seen":{"f:3:22:3:35":0,"s:4:2:4:Infinity":0,"f:7:22:7:Infinity":1,"s:11:2:11:Infinity":1}}}
,"/Users/miftahramadhan/Projects/webstockname/middleware/auth.ts": {"path":"/Users/miftahramadhan/Projects/webstockname/middleware/auth.ts","statementMap":{"0":{"start":{"line":16,"column":21},"end":{"line":16,"column":57}},"1":{"start":{"line":18,"column":2},"end":{"line":22,"column":null}},"2":{"start":{"line":19,"column":4},"end":{"line":22,"column":null}},"3":{"start":{"line":25,"column":16},"end":{"line":25,"column":39}},"4":{"start":{"line":27,"column":2},"end":{"line":35,"column":null}},"5":{"start":{"line":28,"column":10},"end":{"line":28,"column":44}},"6":{"start":{"line":29,"column":4},"end":{"line":29,"column":null}},"7":{"start":{"line":30,"column":4},"end":{"line":30,"column":null}},"8":{"start":{"line":32,"column":4},"end":{"line":35,"column":null}}},"fnMap":{"0":{"name":"authMiddleware","decl":{"start":{"line":13,"column":22},"end":{"line":13,"column":null}},"loc":{"start":{"line":15,"column":32},"end":{"line":35,"column":null}},"line":15}},"branchMap":{"0":{"loc":{"start":{"line":18,"column":2},"end":{"line":22,"column":null}},"type":"if","locations":[{"start":{"line":18,"column":2},"end":{"line":22,"column":null}},{"start":{},"end":{}}],"line":18},"1":{"loc":{"start":{"line":18,"column":6},"end":{"line":18,"column":54}},"type":"binary-expr","locations":[{"start":{"line":18,"column":6},"end":{"line":18,"column":21}},{"start":{"line":18,"column":21},"end":{"line":18,"column":54}}],"line":18}},"s":{"0":7,"1":7,"2":4,"3":3,"4":3,"5":3,"6":3,"7":3,"8":1},"f":{"0":7},"b":{"0":[4,3],"1":[7,5]},"meta":{"lastBranch":2,"lastFunction":1,"lastStatement":9,"seen":{"f:13:22:13:Infinity":0,"s:16:21:16:57":0,"b:18:2:22:Infinity:undefined:undefined:undefined:undefined":0,"s:18:2:22:Infinity":1,"b:18:6:18:21:18:21:18:54":1,"s:19:4:22:Infinity":2,"s:25:16:25:39":3,"s:27:2:35:Infinity":4,"s:28:10:28:44":5,"s:29:4:29:Infinity":6,"s:30:4:30:Infinity":7,"s:32:4:35:Infinity":8}}}
,"/Users/miftahramadhan/Projects/webstockname/middleware/rbac.ts": {"path":"/Users/miftahramadhan/Projects/webstockname/middleware/rbac.ts","statementMap":{"0":{"start":{"line":15,"column":2},"end":{"line":32,"column":null}},"1":{"start":{"line":18,"column":4},"end":{"line":22,"column":null}},"2":{"start":{"line":19,"column":6},"end":{"line":22,"column":null}},"3":{"start":{"line":25,"column":4},"end":{"line":29,"column":null}},"4":{"start":{"line":26,"column":6},"end":{"line":29,"column":null}},"5":{"start":{"line":32,"column":4},"end":{"line":32,"column":null}}},"fnMap":{"0":{"name":"rbacMiddleware","decl":{"start":{"line":14,"column":16},"end":{"line":14,"column":31}},"loc":{"start":{"line":14,"column":55},"end":{"line":32,"column":null}},"line":14},"1":{"name":"(anonymous_1)","decl":{"start":{"line":15,"column":9},"end":{"line":15,"column":null}},"loc":{"start":{"line":17,"column":37},"end":{"line":32,"column":null}},"line":17}},"branchMap":{"0":{"loc":{"start":{"line":18,"column":4},"end":{"line":22,"column":null}},"type":"if","locations":[{"start":{"line":18,"column":4},"end":{"line":22,"column":null}},{"start":{},"end":{}}],"line":18},"1":{"loc":{"start":{"line":25,"column":4},"end":{"line":29,"column":null}},"type":"if","locations":[{"start":{"line":25,"column":4},"end":{"line":29,"column":null}},{"start":{},"end":{}}],"line":25}},"s":{"0":7,"1":7,"2":1,"3":6,"4":4,"5":2},"f":{"0":7,"1":7},"b":{"0":[1,6],"1":[4,2]},"meta":{"lastBranch":2,"lastFunction":2,"lastStatement":6,"seen":{"f:14:16:14:31":0,"s:15:2:32:Infinity":0,"f:15:9:15:Infinity":1,"b:18:4:22:Infinity:undefined:undefined:undefined:undefined":0,"s:18:4:22:Infinity":1,"s:19:6:22:Infinity":2,"b:25:4:29:Infinity:undefined:undefined:undefined:undefined":1,"s:25:4:29:Infinity":3,"s:26:6:29:Infinity":4,"s:32:4:32:Infinity":5}}}
}
